0 info it worked if it ends with ok
1 verbose cli [ 'node', '/usr/local/bin/npm', 'install' ]
2 info using npm@2.10.1
3 info using node@v0.12.4
4 verbose readDependencies loading dependencies from /Users/tirumalasr/Desktop/privatedev/MyoMusic/package.json
5 error install Couldn't read dependencies
6 verbose stack Error: Failed to parse json
6 verbose stack Unexpected token '}' at 8:3
6 verbose stack   }
6 verbose stack   ^
6 verbose stack     at parseError (/usr/local/lib/node_modules/npm/node_modules/read-package-json/read-json.js:379:11)
6 verbose stack     at parseJson (/usr/local/lib/node_modules/npm/node_modules/read-package-json/read-json.js:68:23)
6 verbose stack     at /usr/local/lib/node_modules/npm/node_modules/read-package-json/read-json.js:48:5
6 verbose stack     at evalmachine.<anonymous>:334:14
6 verbose stack     at /usr/local/lib/node_modules/npm/node_modules/graceful-fs/graceful-fs.js:102:5
6 verbose stack     at FSReqWrap.oncomplete (evalmachine.<anonymous>:95:15)
7 verbose cwd /Users/tirumalasr/Desktop/privatedev/MyoMusic
8 error Darwin 13.4.0
9 error argv "node" "/usr/local/bin/npm" "install"
10 error node v0.12.4
11 error npm  v2.10.1
12 error file /Users/tirumalasr/Desktop/privatedev/MyoMusic/package.json
13 error code EJSONPARSE
14 error Failed to parse json
14 error Unexpected token '}' at 8:3
14 error   }
14 error   ^
15 error File: /Users/tirumalasr/Desktop/privatedev/MyoMusic/package.json
16 error Failed to parse package.json data.
16 error package.json must be actual JSON, not just JavaScript.
16 error
16 error This is not a bug in npm.
16 error Tell the package author to fix their package.json file. JSON.parse
17 verbose exit [ 1, true ]
